xilinx rtfpga
rt::do_reinfer_area_combined 1
INFO: [Synth 8-3886] merging instance 'memory_reg[10][0]' (FDCE) to 'memory_reg[11][0]'
INFO: [Synth 8-3886] merging instance 'memory_reg[10][1]' (FDCE) to 'memory_reg[11][0]'
INFO: [Synth 8-3886] merging instance 'memory_reg[10][2]' (FDCE) to 'memory_reg[11][0]'
INFO: [Synth 8-3886] merging instance 'memory_reg[10][3]' (FDCE) to 'memory_reg[11][0]'
INFO: [Synth 8-3886] merging instance 'memory_reg[10][4]' (FDCE) to 'memory_reg[11][0]'
INFO: [Synth 8-3886] merging instance 'memory_reg[10][5]' (FDCE) to 'memory_reg[11][0]'
INFO: [Synth 8-3886] merging instance 'memory_reg[10][6]' (FDCE) to 'memory_reg[11][0]'
INFO: [Synth 8-3886] merging instance 'memory_reg[10][7]' (FDCE) to 'memory_reg[11][0]'
INFO: [Synth 8-3886] merging instance 'memory_reg[10][8]' (FDCE) to 'memory_reg[11][0]'
INFO: [Synth 8-3886] merging instance 'memory_reg[10][9]' (FDCE) to 'memory_reg[11][0]'
INFO: [Synth 8-3886] merging instance 'memory_reg[10][10]' (FDCE) to 'memory_reg[11][0]'
INFO: [Synth 8-3886] merging instance 'memory_reg[10][11]' (FDCE) to 'memory_reg[11][0]'
INFO: [Synth 8-3886] merging instance 'memory_reg[10][12]' (FDCE) to 'memory_reg[11][0]'
INFO: [Synth 8-3886] merging instance 'memory_reg[10][13]' (FDCE) to 'memory_reg[11][0]'
INFO: [Synth 8-3886] merging instance 'memory_reg[10][14]' (FDCE) to 'memory_reg[11][0]'
INFO: [Synth 8-3886] merging instance 'memory_reg[10][15]' (FDCE) to 'memory_reg[11][0]'
INFO: [Synth 8-3886] merging instance 'memory_reg[10][16]' (FDCE) to 'memory_reg[11][0]'
INFO: [Synth 8-3886] merging instance 'memory_reg[10][17]' (FDCE) to 'memory_reg[11][0]'
INFO: [Synth 8-3886] merging instance 'memory_reg[10][18]' (FDCE) to 'memory_reg[11][0]'
INFO: [Synth 8-3886] merging instance 'memory_reg[10][19]' (FDCE) to 'memory_reg[11][0]'
INFO: [Synth 8-3886] merging instance 'memory_reg[10][20]' (FDCE) to 'memory_reg[11][0]'
INFO: [Synth 8-3886] merging instance 'memory_reg[10][21]' (FDCE) to 'memory_reg[11][0]'
INFO: [Synth 8-3886] merging instance 'memory_reg[10][22]' (FDCE) to 'memory_reg[11][0]'
INFO: [Synth 8-3886] merging instance 'memory_reg[10][23]' (FDCE) to 'memory_reg[11][0]'
INFO: [Synth 8-3886] merging instance 'memory_reg[10][24]' (FDCE) to 'memory_reg[11][0]'
INFO: [Synth 8-3886] merging instance 'memory_reg[10][25]' (FDCE) to 'memory_reg[11][0]'
INFO: [Synth 8-3886] merging instance 'memory_reg[10][26]' (FDCE) to 'memory_reg[11][0]'
INFO: [Synth 8-3886] merging instance 'memory_reg[10][27]' (FDCE) to 'memory_reg[11][0]'
INFO: [Synth 8-3886] merging instance 'memory_reg[10][28]' (FDCE) to 'memory_reg[11][0]'
INFO: [Synth 8-3886] merging instance 'memory_reg[10][29]' (FDCE) to 'memory_reg[11][0]'
INFO: [Synth 8-3886] merging instance 'memory_reg[10][30]' (FDCE) to 'memory_reg[11][0]'
INFO: [Synth 8-3886] merging instance 'memory_reg[10][31]' (FDCE) to 'memory_reg[11][0]'
INFO: [Synth 8-3886] merging instance 'memory_reg[10][32]' (FDCE) to 'memory_reg[11][0]'
INFO: [Synth 8-3886] merging instance 'memory_reg[10][33]' (FDCE) to 'memory_reg[11][0]'
INFO: [Synth 8-3886] merging instance 'memory_reg[10][34]' (FDCE) to 'memory_reg[11][0]'
INFO: [Synth 8-3886] merging instance 'memory_reg[10][35]' (FDCE) to 'memory_reg[11][0]'
INFO: [Synth 8-3886] merging instance 'memory_reg[10][36]' (FDCE) to 'memory_reg[11][0]'
INFO: [Synth 8-3886] merging instance 'memory_reg[10][37]' (FDCE) to 'memory_reg[11][0]'
INFO: [Synth 8-3886] merging instance 'memory_reg[10][38]' (FDCE) to 'memory_reg[11][0]'
INFO: [Synth 8-3886] merging instance 'memory_reg[10][39]' (FDCE) to 'memory_reg[11][0]'
INFO: [Synth 8-3886] merging instance 'memory_reg[10][40]' (FDCE) to 'memory_reg[11][0]'
INFO: [Synth 8-3886] merging instance 'memory_reg[10][41]' (FDCE) to 'memory_reg[11][0]'
INFO: [Synth 8-3886] merging instance 'memory_reg[10][42]' (FDCE) to 'memory_reg[11][0]'
INFO: [Synth 8-3886] merging instance 'memory_reg[10][43]' (FDCE) to 'memory_reg[11][0]'
INFO: [Synth 8-3886] merging instance 'memory_reg[10][44]' (FDCE) to 'memory_reg[11][0]'
INFO: [Synth 8-3886] merging instance 'memory_reg[10][45]' (FDCE) to 'memory_reg[11][0]'
INFO: [Synth 8-3886] merging instance 'memory_reg[10][46]' (FDCE) to 'memory_reg[11][0]'
INFO: [Synth 8-3886] merging instance 'memory_reg[10][47]' (FDCE) to 'memory_reg[11][0]'
INFO: [Synth 8-3886] merging instance 'memory_reg[10][48]' (FDCE) to 'memory_reg[11][0]'
INFO: [Synth 8-3886] merging instance 'memory_reg[10][49]' (FDCE) to 'memory_reg[11][0]'
INFO: [Synth 8-3886] merging instance 'memory_reg[10][50]' (FDCE) to 'memory_reg[11][0]'
INFO: [Synth 8-3886] merging instance 'memory_reg[10][51]' (FDCE) to 'memory_reg[11][0]'
INFO: [Synth 8-3886] merging instance 'memory_reg[10][52]' (FDCE) to 'memory_reg[11][0]'
INFO: [Synth 8-3886] merging instance 'memory_reg[10][53]' (FDCE) to 'memory_reg[11][0]'
INFO: [Synth 8-3886] merging instance 'memory_reg[10][54]' (FDCE) to 'memory_reg[11][0]'
INFO: [Synth 8-3886] merging instance 'memory_reg[10][55]' (FDCE) to 'memory_reg[11][0]'
INFO: [Synth 8-3886] merging instance 'memory_reg[10][56]' (FDCE) to 'memory_reg[11][0]'
INFO: [Synth 8-3886] merging instance 'memory_reg[10][57]' (FDCE) to 'memory_reg[11][0]'
INFO: [Synth 8-3886] merging instance 'memory_reg[10][58]' (FDCE) to 'memory_reg[11][0]'
INFO: [Synth 8-3886] merging instance 'memory_reg[10][59]' (FDCE) to 'memory_reg[11][0]'
INFO: [Synth 8-3886] merging instance 'memory_reg[10][60]' (FDCE) to 'memory_reg[11][0]'
INFO: [Synth 8-3886] merging instance 'memory_reg[10][61]' (FDCE) to 'memory_reg[11][0]'
INFO: [Synth 8-3886] merging instance 'memory_reg[10][62]' (FDCE) to 'memory_reg[11][0]'
INFO: [Synth 8-3886] merging instance 'memory_reg[10][63]' (FDCE) to 'memory_reg[11][0]'
INFO: [Synth 8-3886] merging instance 'memory_reg[10][64]' (FDCE) to 'memory_reg[11][0]'
INFO: [Synth 8-3886] merging instance 'memory_reg[10][65]' (FDCE) to 'memory_reg[11][0]'
INFO: [Synth 8-3886] merging instance 'memory_reg[10][66]' (FDCE) to 'memory_reg[11][0]'
INFO: [Synth 8-3886] merging instance 'memory_reg[10][67]' (FDCE) to 'memory_reg[11][0]'
INFO: [Synth 8-3886] merging instance 'memory_reg[10][68]' (FDCE) to 'memory_reg[11][0]'
INFO: [Synth 8-3886] merging instance 'memory_reg[10][69]' (FDCE) to 'memory_reg[11][0]'
INFO: [Synth 8-3886] merging instance 'memory_reg[10][70]' (FDCE) to 'memory_reg[11][0]'
INFO: [Synth 8-3886] merging instance 'memory_reg[10][71]' (FDCE) to 'memory_reg[11][0]'
INFO: [Synth 8-3886] merging instance 'memory_reg[10][72]' (FDCE) to 'memory_reg[11][0]'
INFO: [Synth 8-3886] merging instance 'memory_reg[10][73]' (FDCE) to 'memory_reg[11][0]'
INFO: [Synth 8-3886] merging instance 'memory_reg[10][74]' (FDCE) to 'memory_reg[11][0]'
INFO: [Synth 8-3886] merging instance 'memory_reg[10][75]' (FDCE) to 'memory_reg[11][0]'
INFO: [Synth 8-3886] merging instance 'memory_reg[10][76]' (FDCE) to 'memory_reg[11][0]'
INFO: [Synth 8-3886] merging instance 'memory_reg[10][77]' (FDCE) to 'memory_reg[11][0]'
INFO: [Synth 8-3886] merging instance 'memory_reg[10][78]' (FDCE) to 'memory_reg[11][0]'
INFO: [Synth 8-3886] merging instance 'memory_reg[10][79]' (FDCE) to 'memory_reg[11][0]'
INFO: [Synth 8-3886] merging instance 'memory_reg[10][80]' (FDCE) to 'memory_reg[11][0]'
INFO: [Synth 8-3886] merging instance 'memory_reg[11][0]' (FDCE) to 'memory_reg[11][1]'
INFO: [Synth 8-3886] merging instance 'memory_reg[11][1]' (FDCE) to 'memory_reg[11][2]'
INFO: [Synth 8-3886] merging instance 'memory_reg[11][2]' (FDCE) to 'memory_reg[11][3]'
INFO: [Synth 8-3886] merging instance 'memory_reg[11][3]' (FDCE) to 'memory_reg[11][4]'
INFO: [Synth 8-3886] merging instance 'memory_reg[11][4]' (FDCE) to 'memory_reg[11][5]'
INFO: [Synth 8-3886] merging instance 'memory_reg[11][5]' (FDCE) to 'memory_reg[11][6]'
INFO: [Synth 8-3886] merging instance 'memory_reg[11][6]' (FDCE) to 'memory_reg[11][7]'
INFO: [Synth 8-3886] merging instance 'memory_reg[11][7]' (FDCE) to 'memory_reg[11][8]'
INFO: [Synth 8-3886] merging instance 'memory_reg[11][8]' (FDCE) to 'memory_reg[11][9]'
INFO: [Synth 8-3886] merging instance 'memory_reg[11][9]' (FDCE) to 'memory_reg[11][10]'
INFO: [Synth 8-3886] merging instance 'memory_reg[11][10]' (FDCE) to 'memory_reg[11][11]'
INFO: [Synth 8-3886] merging instance 'memory_reg[11][11]' (FDCE) to 'memory_reg[11][12]'
INFO: [Synth 8-3886] merging instance 'memory_reg[11][12]' (FDCE) to 'memory_reg[11][13]'
INFO: [Synth 8-3886] merging instance 'memory_reg[11][13]' (FDCE) to 'memory_reg[11][14]'
INFO: [Synth 8-3886] merging instance 'memory_reg[11][14]' (FDCE) to 'memory_reg[11][15]'
INFO: [Synth 8-3886] merging instance 'memory_reg[11][15]' (FDCE) to 'memory_reg[11][16]'
INFO: [Synth 8-3886] merging instance 'memory_reg[11][16]' (FDCE) to 'memory_reg[11][17]'
INFO: [Synth 8-3886] merging instance 'memory_reg[11][17]' (FDCE) to 'memory_reg[11][18]'
INFO: [Synth 8-3886] merging instance 'memory_reg[11][18]' (FDCE) to 'memory_reg[11][19]'
INFO: [Common 17-14] Message 'Synth 8-3886' appears 100 times and further instances of the messages will be disabled. Use the Tcl command set_msg_config to change the current settings.
INFO: [Synth 8-3333] propagating constant 0 across sequential element (\memory_reg[14][80] )
INFO: [Synth 8-3333] propagating constant 0 across sequential element (\memory_reg[13][80] )
