xilinx rtfpga
rt::do_reinfer_area_combined 1
INFO: [Synth 8-3886] merging instance 'memory_reg[0][1]' (FDCE) to 'memory_reg[8][1]'
INFO: [Synth 8-3886] merging instance 'memory_reg[0][2]' (FDCE) to 'memory_reg[8][1]'
INFO: [Synth 8-3886] merging instance 'memory_reg[0][3]' (FDCE) to 'memory_reg[8][1]'
INFO: [Synth 8-3886] merging instance 'memory_reg[0][5]' (FDCE) to 'memory_reg[8][1]'
INFO: [Synth 8-3886] merging instance 'memory_reg[0][6]' (FDCE) to 'memory_reg[8][1]'
INFO: [Synth 8-3886] merging instance 'memory_reg[0][7]' (FDCE) to 'memory_reg[8][1]'
INFO: [Synth 8-3886] merging instance 'memory_reg[0][9]' (FDCE) to 'memory_reg[8][1]'
INFO: [Synth 8-3886] merging instance 'memory_reg[0][10]' (FDCE) to 'memory_reg[8][1]'
INFO: [Synth 8-3886] merging instance 'memory_reg[0][11]' (FDCE) to 'memory_reg[8][1]'
INFO: [Synth 8-3886] merging instance 'memory_reg[0][13]' (FDCE) to 'memory_reg[8][1]'
INFO: [Synth 8-3886] merging instance 'memory_reg[0][14]' (FDCE) to 'memory_reg[8][1]'
INFO: [Synth 8-3886] merging instance 'memory_reg[0][15]' (FDCE) to 'memory_reg[8][1]'
INFO: [Synth 8-3886] merging instance 'memory_reg[0][17]' (FDCE) to 'memory_reg[8][1]'
INFO: [Synth 8-3886] merging instance 'memory_reg[0][18]' (FDCE) to 'memory_reg[8][1]'
INFO: [Synth 8-3886] merging instance 'memory_reg[0][19]' (FDCE) to 'memory_reg[8][1]'
INFO: [Synth 8-3886] merging instance 'memory_reg[0][21]' (FDCE) to 'memory_reg[8][1]'
INFO: [Synth 8-3886] merging instance 'memory_reg[0][22]' (FDCE) to 'memory_reg[8][1]'
INFO: [Synth 8-3886] merging instance 'memory_reg[0][23]' (FDCE) to 'memory_reg[8][1]'
INFO: [Synth 8-3886] merging instance 'memory_reg[0][25]' (FDCE) to 'memory_reg[8][1]'
INFO: [Synth 8-3886] merging instance 'memory_reg[0][26]' (FDCE) to 'memory_reg[8][1]'
INFO: [Synth 8-3886] merging instance 'memory_reg[0][27]' (FDCE) to 'memory_reg[8][1]'
INFO: [Synth 8-3886] merging instance 'memory_reg[0][29]' (FDCE) to 'memory_reg[8][1]'
INFO: [Synth 8-3886] merging instance 'memory_reg[0][30]' (FDCE) to 'memory_reg[8][1]'
INFO: [Synth 8-3886] merging instance 'memory_reg[0][31]' (FDCE) to 'memory_reg[8][1]'
INFO: [Synth 8-3886] merging instance 'memory_reg[0][33]' (FDCE) to 'memory_reg[8][1]'
INFO: [Synth 8-3886] merging instance 'memory_reg[0][34]' (FDCE) to 'memory_reg[8][1]'
INFO: [Synth 8-3886] merging instance 'memory_reg[0][35]' (FDCE) to 'memory_reg[8][1]'
INFO: [Synth 8-3886] merging instance 'memory_reg[0][37]' (FDCE) to 'memory_reg[8][1]'
INFO: [Synth 8-3886] merging instance 'memory_reg[0][38]' (FDCE) to 'memory_reg[8][1]'
INFO: [Synth 8-3886] merging instance 'memory_reg[0][39]' (FDCE) to 'memory_reg[8][1]'
INFO: [Synth 8-3886] merging instance 'memory_reg[0][41]' (FDCE) to 'memory_reg[8][1]'
INFO: [Synth 8-3886] merging instance 'memory_reg[0][42]' (FDCE) to 'memory_reg[8][1]'
INFO: [Synth 8-3886] merging instance 'memory_reg[0][43]' (FDCE) to 'memory_reg[8][1]'
INFO: [Synth 8-3886] merging instance 'memory_reg[0][45]' (FDCE) to 'memory_reg[8][1]'
INFO: [Synth 8-3886] merging instance 'memory_reg[0][46]' (FDCE) to 'memory_reg[8][1]'
INFO: [Synth 8-3886] merging instance 'memory_reg[0][47]' (FDCE) to 'memory_reg[8][1]'
INFO: [Synth 8-3886] merging instance 'memory_reg[0][49]' (FDCE) to 'memory_reg[8][1]'
INFO: [Synth 8-3886] merging instance 'memory_reg[0][50]' (FDCE) to 'memory_reg[8][1]'
INFO: [Synth 8-3886] merging instance 'memory_reg[0][51]' (FDCE) to 'memory_reg[8][1]'
INFO: [Synth 8-3886] merging instance 'memory_reg[0][53]' (FDCE) to 'memory_reg[8][1]'
INFO: [Synth 8-3886] merging instance 'memory_reg[0][54]' (FDCE) to 'memory_reg[8][1]'
INFO: [Synth 8-3886] merging instance 'memory_reg[0][55]' (FDCE) to 'memory_reg[8][1]'
INFO: [Synth 8-3886] merging instance 'memory_reg[0][57]' (FDCE) to 'memory_reg[8][1]'
INFO: [Synth 8-3886] merging instance 'memory_reg[0][58]' (FDCE) to 'memory_reg[8][1]'
INFO: [Synth 8-3886] merging instance 'memory_reg[0][59]' (FDCE) to 'memory_reg[8][1]'
INFO: [Synth 8-3886] merging instance 'memory_reg[0][61]' (FDCE) to 'memory_reg[8][1]'
INFO: [Synth 8-3886] merging instance 'memory_reg[0][62]' (FDCE) to 'memory_reg[8][1]'
INFO: [Synth 8-3886] merging instance 'memory_reg[0][63]' (FDCE) to 'memory_reg[8][1]'
INFO: [Synth 8-3886] merging instance 'memory_reg[0][65]' (FDCE) to 'memory_reg[8][1]'
INFO: [Synth 8-3886] merging instance 'memory_reg[0][66]' (FDCE) to 'memory_reg[8][1]'
INFO: [Synth 8-3886] merging instance 'memory_reg[0][67]' (FDCE) to 'memory_reg[8][1]'
INFO: [Synth 8-3886] merging instance 'memory_reg[0][69]' (FDCE) to 'memory_reg[8][1]'
INFO: [Synth 8-3886] merging instance 'memory_reg[0][70]' (FDCE) to 'memory_reg[8][1]'
INFO: [Synth 8-3886] merging instance 'memory_reg[0][71]' (FDCE) to 'memory_reg[8][1]'
INFO: [Synth 8-3886] merging instance 'memory_reg[0][73]' (FDCE) to 'memory_reg[8][1]'
INFO: [Synth 8-3886] merging instance 'memory_reg[0][74]' (FDCE) to 'memory_reg[8][1]'
INFO: [Synth 8-3886] merging instance 'memory_reg[0][75]' (FDCE) to 'memory_reg[8][1]'
INFO: [Synth 8-3886] merging instance 'memory_reg[0][77]' (FDCE) to 'memory_reg[8][1]'
INFO: [Synth 8-3886] merging instance 'memory_reg[0][78]' (FDCE) to 'memory_reg[8][1]'
INFO: [Synth 8-3886] merging instance 'memory_reg[0][79]' (FDCE) to 'memory_reg[8][1]'
INFO: [Synth 8-3886] merging instance 'memory_reg[8][1]' (FDCE) to 'memory_reg[8][2]'
INFO: [Synth 8-3886] merging instance 'memory_reg[8][2]' (FDCE) to 'memory_reg[8][3]'
INFO: [Synth 8-3886] merging instance 'memory_reg[8][3]' (FDCE) to 'memory_reg[8][5]'
INFO: [Synth 8-3886] merging instance 'memory_reg[8][5]' (FDCE) to 'memory_reg[8][6]'
INFO: [Synth 8-3886] merging instance 'memory_reg[8][6]' (FDCE) to 'memory_reg[8][7]'
INFO: [Synth 8-3886] merging instance 'memory_reg[8][7]' (FDCE) to 'memory_reg[8][9]'
INFO: [Synth 8-3886] merging instance 'memory_reg[8][9]' (FDCE) to 'memory_reg[8][10]'
INFO: [Synth 8-3886] merging instance 'memory_reg[8][10]' (FDCE) to 'memory_reg[8][11]'
INFO: [Synth 8-3886] merging instance 'memory_reg[8][11]' (FDCE) to 'memory_reg[8][13]'
INFO: [Synth 8-3886] merging instance 'memory_reg[8][13]' (FDCE) to 'memory_reg[8][14]'
INFO: [Synth 8-3886] merging instance 'memory_reg[8][14]' (FDCE) to 'memory_reg[8][15]'
INFO: [Synth 8-3886] merging instance 'memory_reg[8][15]' (FDCE) to 'memory_reg[8][17]'
INFO: [Synth 8-3886] merging instance 'memory_reg[8][17]' (FDCE) to 'memory_reg[8][18]'
INFO: [Synth 8-3886] merging instance 'memory_reg[8][18]' (FDCE) to 'memory_reg[8][19]'
INFO: [Synth 8-3886] merging instance 'memory_reg[8][19]' (FDCE) to 'memory_reg[8][21]'
INFO: [Synth 8-3886] merging instance 'memory_reg[8][21]' (FDCE) to 'memory_reg[8][22]'
INFO: [Synth 8-3886] merging instance 'memory_reg[8][22]' (FDCE) to 'memory_reg[8][23]'
INFO: [Synth 8-3886] merging instance 'memory_reg[8][23]' (FDCE) to 'memory_reg[8][25]'
INFO: [Synth 8-3886] merging instance 'memory_reg[8][25]' (FDCE) to 'memory_reg[8][26]'
INFO: [Synth 8-3886] merging instance 'memory_reg[8][26]' (FDCE) to 'memory_reg[8][27]'
INFO: [Synth 8-3886] merging instance 'memory_reg[8][27]' (FDCE) to 'memory_reg[8][29]'
INFO: [Synth 8-3886] merging instance 'memory_reg[8][29]' (FDCE) to 'memory_reg[8][30]'
INFO: [Synth 8-3886] merging instance 'memory_reg[8][30]' (FDCE) to 'memory_reg[8][31]'
INFO: [Synth 8-3886] merging instance 'memory_reg[8][31]' (FDCE) to 'memory_reg[8][33]'
INFO: [Synth 8-3886] merging instance 'memory_reg[8][33]' (FDCE) to 'memory_reg[8][34]'
INFO: [Synth 8-3886] merging instance 'memory_reg[8][34]' (FDCE) to 'memory_reg[8][35]'
INFO: [Synth 8-3886] merging instance 'memory_reg[8][35]' (FDCE) to 'memory_reg[8][37]'
INFO: [Synth 8-3886] merging instance 'memory_reg[8][37]' (FDCE) to 'memory_reg[8][38]'
INFO: [Synth 8-3886] merging instance 'memory_reg[8][38]' (FDCE) to 'memory_reg[8][39]'
INFO: [Synth 8-3886] merging instance 'memory_reg[8][39]' (FDCE) to 'memory_reg[8][41]'
INFO: [Synth 8-3886] merging instance 'memory_reg[8][41]' (FDCE) to 'memory_reg[8][42]'
INFO: [Synth 8-3886] merging instance 'memory_reg[8][42]' (FDCE) to 'memory_reg[8][43]'
INFO: [Synth 8-3886] merging instance 'memory_reg[8][43]' (FDCE) to 'memory_reg[8][45]'
INFO: [Synth 8-3886] merging instance 'memory_reg[8][45]' (FDCE) to 'memory_reg[8][46]'
INFO: [Synth 8-3886] merging instance 'memory_reg[8][46]' (FDCE) to 'memory_reg[8][47]'
INFO: [Synth 8-3886] merging instance 'memory_reg[8][47]' (FDCE) to 'memory_reg[8][49]'
INFO: [Synth 8-3886] merging instance 'memory_reg[8][49]' (FDCE) to 'memory_reg[8][50]'
INFO: [Synth 8-3886] merging instance 'memory_reg[8][50]' (FDCE) to 'memory_reg[8][51]'
INFO: [Synth 8-3886] merging instance 'memory_reg[8][51]' (FDCE) to 'memory_reg[8][53]'
INFO: [Synth 8-3886] merging instance 'memory_reg[8][53]' (FDCE) to 'memory_reg[8][54]'
INFO: [Common 17-14] Message 'Synth 8-3886' appears 100 times and further instances of the messages will be disabled. Use the Tcl command set_msg_config to change the current settings.
INFO: [Synth 8-3333] propagating constant 0 across sequential element (\memory_reg[14][79] )
